<?xml version="1.0" encoding="UTF-8"?>
<testsuite name="kr.ac.jejunu.userdaotests" tests="1" skipped="0" failures="0" errors="0" timestamp="2022-03-19T16:39:55" hostname="DESKTOP-4F2PBU6" time="0.944">
  <properties/>
  <testcase name="findById()" classname="kr.ac.jejunu.userdaotests" time="0.944"/>
  <system-out><![CDATA[]]></system-out>
  <system-err><![CDATA[]]></system-err>
</testsuite>
