<?xml version="1.0" encoding="UTF-8"?>
<testsuite name="kr.ac.jejunu.UserDaoTests" tests="4" skipped="0" failures="0" errors="0" timestamp="2022-04-29T08:16:39" hostname="DESKTOP-4F2PBU6" time="1.534">
  <properties/>
  <testcase name="delete()" classname="kr.ac.jejunu.UserDaoTests" time="1.137"/>
  <testcase name="insert()" classname="kr.ac.jejunu.UserDaoTests" time="0.181"/>
  <testcase name="update()" classname="kr.ac.jejunu.UserDaoTests" time="0.152"/>
  <testcase name="findById()" classname="kr.ac.jejunu.UserDaoTests" time="0.062"/>
  <system-out><![CDATA[]]></system-out>
  <system-err><![CDATA[]]></system-err>
</testsuite>
