<?xml version="1.0" encoding="UTF-8"?>
<testsuite name="kr.ac.jejunu.UserDaoTests" tests="1" skipped="0" failures="0" errors="0" timestamp="2022-03-18T09:32:24" hostname="DESKTOP-4F2PBU6" time="0.384">
  <properties/>
  <testcase name="findById()" classname="kr.ac.jejunu.UserDaoTests" time="0.384"/>
  <system-out><![CDATA[]]></system-out>
  <system-err><![CDATA[]]></system-err>
</testsuite>
