<?xml version="1.0" encoding="UTF-8"?>
<testsuite name="kr.ac.jejunu.UserDaoTests" tests="4" skipped="0" failures="0" errors="0" timestamp="2022-04-01T09:19:33" hostname="DESKTOP-4F2PBU6" time="1.217">
  <properties/>
  <testcase name="delete()" classname="kr.ac.jejunu.UserDaoTests" time="0.532"/>
  <testcase name="insert()" classname="kr.ac.jejunu.UserDaoTests" time="0.121"/>
  <testcase name="update()" classname="kr.ac.jejunu.UserDaoTests" time="0.495"/>
  <testcase name="findById()" classname="kr.ac.jejunu.UserDaoTests" time="0.065"/>
  <system-out><![CDATA[]]></system-out>
  <system-err><![CDATA[]]></system-err>
</testsuite>
